Using pre-set license
Built from '2020.2/release' branch; Version is '2020.2.1f1 (270dd8c3da1c) revision 2559448'; Using compiler version '192528614'; Build Type 'Release'
OS: 'Windows 10  (10.0.0) 64bit' Language: 'de' Physical Memory: 16270 MB
BatchMode: 1, IsHumanControllingUs: 0, StartBugReporterOnCrash: 0, Is64bit: 1, IsPro: 0

 COMMAND LINE ARGUMENTS:
C:\Users\micro\AppData\Local\Programs\Microsoft VS Code\Code.exe\2020.2.1f1\Editor\Unity.exe
-adb2
-batchMode
-noUpm
-name
AssetImportWorker0
-projectPath
D:/Unity Projects/Munchkin
-logFile
Logs/AssetImportWorker0.log
-srvPort
49952
Successfully changed project path to: D:/Unity Projects/Munchkin
D:/Unity Projects/Munchkin
Using Asset Import Pipeline V2.
Refreshing native plugins compatible for Editor in 41.48 ms, found 0 plugins.
Preloading 0 native plugins for Editor in 0.00 ms.
Initialize engine version: 2020.2.1f1 (270dd8c3da1c)
[Subsystems] Discovering subsystems at path C:/Users/micro/AppData/Local/Programs/Microsoft VS Code/Code.exe/2020.2.1f1/Editor/Data/Resources/UnitySubsystems
[Subsystems] Discovering subsystems at path D:/Unity Projects/Munchkin/Assets
GfxDevice: creating device client; threaded=0
Direct3D:
    Version:  Direct3D 11.0 [level 11.1]
    Renderer: NVIDIA GeForce GTX 1050 Ti (ID=0x1c8c)
    Vendor:   
    VRAM:     4018 MB
    Driver:   27.21.14.5720
Initialize mono
Mono path[0] = 'C:/Users/micro/AppData/Local/Programs/Microsoft VS Code/Code.exe/2020.2.1f1/Editor/Data/Managed'
Mono path[1] = 'C:/Users/micro/AppData/Local/Programs/Microsoft VS Code/Code.exe/2020.2.1f1/Editor/Data/MonoBleedingEdge/lib/mono/unityjit'
Mono config path = 'C:/Users/micro/AppData/Local/Programs/Microsoft VS Code/Code.exe/2020.2.1f1/Editor/Data/MonoBleedingEdge/etc'
Using monoOptions --debugger-agent=transport=dt_socket,embedding=1,server=y,suspend=n,address=127.0.0.1:56416
Begin MonoManager ReloadAssembly
Registering precompiled unity dll's ...
Register platform support module: C:/Users/micro/AppData/Local/Programs/Microsoft VS Code/Code.exe/2020.2.1f1/Editor/Data/PlaybackEngines/WindowsStandaloneSupport/UnityEditor.WindowsStandalone.Extensions.dll
Registered in 0.003187 seconds.
Native extension for WindowsStandalone target not found
Refreshing native plugins compatible for Editor in 35.23 ms, found 0 plugins.
Preloading 0 native plugins for Editor in 0.00 ms.
Invoked RoslynAnalysisRunner static constructor.
RoslynAnalysisRunner will not be running.
RoslynAnalysisRunner has terminated.
Mono: successfully reloaded assembly
- Completed reload, in  1.353 seconds
Platform modules already initialized, skipping
Registering precompiled user dll's ...
Registered in 0.002543 seconds.
Begin MonoManager ReloadAssembly
Native extension for WindowsStandalone target not found
Refreshing native plugins compatible for Editor in 0.34 ms, found 0 plugins.
Preloading 0 native plugins for Editor in 0.00 ms.
Invoked RoslynAnalysisRunner static constructor.
RoslynAnalysisRunner will not be running.
RoslynAnalysisRunner has terminated.
Find all reader and writers took 122 milliseconds
Script Module: UnityEngine.UI.dll
Weave behaviours and messages took128 milliseconds
Find all reader and writers took 107 milliseconds
Script Module: UnityEngine.TestRunner.dll
Weave behaviours and messages took51 milliseconds
Find all reader and writers took 88 milliseconds
Script Module: SimpleWebTransport.dll
Weave behaviours and messages took8 milliseconds
Find all reader and writers took 96 milliseconds
Script Module: Unity.Timeline.dll
Weave behaviours and messages took58 milliseconds
Find all reader and writers took 111 milliseconds
Script Module: Mirror.Examples.dll
[Projectile] NetworkBehaviourProcessor
[Tank] NetworkBehaviourProcessor
[NetworkRoomPlayer] NetworkBehaviourProcessor
[NetworkRoomPlayerExt] NetworkBehaviourProcessor
[PlayerController] NetworkBehaviourProcessor
[PlayerScore] NetworkBehaviourProcessor
[RandomColor] NetworkBehaviourProcessor
[Reward] NetworkBehaviourProcessor
[AddForce] NetworkBehaviourProcessor
[Ball] NetworkBehaviourProcessor
[Player] NetworkBehaviourProcessor
[MatchController] NetworkBehaviourProcessor
[PhysicsCollision] NetworkBehaviourProcessor
[PlayerController] NetworkBehaviourProcessor
[PlayerScore] NetworkBehaviourProcessor
[RandomColor] NetworkBehaviourProcessor
[Reward] NetworkBehaviourProcessor
[Player] NetworkBehaviourProcessor
[MonsterMovement] NetworkBehaviourProcessor
[PlayerMovement] NetworkBehaviourProcessor
[Player] NetworkBehaviourProcessor
[PlayerController] NetworkBehaviourProcessor
[RandomColor] NetworkBehaviourProcessor
[ShootingTankBehaviour] NetworkBehaviourProcessor
Weave behaviours and messages took63 milliseconds
  ProcessSitesModule Mirror.Examples.dll elapsed time:00:00:00.0159568
Find all reader and writers took 118 milliseconds
Script Module: Unity.ProBuilder.dll
Weave behaviours and messages took159 milliseconds
Find all reader and writers took 104 milliseconds
Script Module: Mirror.Components.dll
[NetworkAnimator] NetworkBehaviourProcessor
[NetworkRoomPlayer] NetworkBehaviourProcessor
[NetworkLobbyPlayer] NetworkBehaviourProcessor
[NetworkVisibility] NetworkBehaviourProcessor
[NetworkVisibility] Found NetworkBehaviour Mirror.NetworkVisibility
[NetworkVisibility] Process Start
[NetworkVisibility]   GenerateSerialization
[NetworkVisibility]   GenerateDeSerialization
[NetworkVisibility] Process Done
[NetworkMatchChecker] NetworkBehaviourProcessor
[NetworkVisibility] NetworkBehaviourProcessor
[NetworkProximityChecker] NetworkBehaviourProcessor
[NetworkRoomPlayer] NetworkBehaviourProcessor
[NetworkVisibility] NetworkBehaviourProcessor
[NetworkSceneChecker] NetworkBehaviourProcessor
[NetworkTransformBase] NetworkBehaviourProcessor
[NetworkTransform] NetworkBehaviourProcessor
[NetworkTransformBase] NetworkBehaviourProcessor
[NetworkTransformBase] NetworkBehaviourProcessor
[NetworkTransformChild] NetworkBehaviourProcessor
[NetworkLerpRigidbody] NetworkBehaviourProcessor
[NetworkRigidbody] NetworkBehaviourProcessor
[NetworkRigidbody2D] NetworkBehaviourProcessor
[NetworkTransformBase] NetworkBehaviourProcessor
[NetworkTransform] NetworkBehaviourProcessor
[NetworkTransformBase] NetworkBehaviourProcessor
[NetworkTransformBase] NetworkBehaviourProcessor
[NetworkTransformChild] NetworkBehaviourProcessor
Weave behaviours and messages took77 milliseconds
  ProcessSitesModule Mirror.Components.dll elapsed time:00:00:00.0019946
Find all reader and writers took 147 milliseconds
Script Module: Unity.TextMeshPro.dll
Weave behaviours and messages took131 milliseconds
Find all reader and writers took 84 milliseconds
Script Module: Unity.ProBuilder.Poly2Tri.dll
Weave behaviours and messages took9 milliseconds
Find all reader and writers took 93 milliseconds
Script Module: Telepathy.dll
Weave behaviours and messages took2 milliseconds
Find all reader and writers took 121 milliseconds
Script Module: Assembly-CSharp.dll
[AttachCamera] NetworkBehaviourProcessor
[CanManager] NetworkBehaviourProcessor
[CardMovement] NetworkBehaviourProcessor
[DiceManager] NetworkBehaviourProcessor
[LevelManager] NetworkBehaviourProcessor
[SpawnSpawner] NetworkBehaviourProcessor
[SpawnerManager] NetworkBehaviourProcessor
[UpdatePlayers] NetworkBehaviourProcessor
Weave behaviours and messages took23 milliseconds
Find all reader and writers took 106 milliseconds
Script Module: Mirror.Authenticators.dll
Weave behaviours and messages took20 milliseconds
  ProcessSitesModule Mirror.Authenticators.dll elapsed time:00:00:00.0009970
Find all reader and writers took 91 milliseconds
Script Module: Unity.ProBuilder.Csg.dll
Weave behaviours and messages took7 milliseconds
Find all reader and writers took 105 milliseconds
Script Module: Mirror.Examples.Cloud.GUI.dll
Weave behaviours and messages took6 milliseconds
Find all reader and writers took 100 milliseconds
Script Module: Mirror.Cloud.dll
Weave behaviours and messages took4 milliseconds
Find all reader and writers took 111 milliseconds
Script Module: SimpleFileBrowser.Runtime.dll
Weave behaviours and messages took28 milliseconds
Find all reader and writers took 94 milliseconds
Script Module: Unity.ProBuilder.KdTree.dll
Weave behaviours and messages took7 milliseconds
Find all reader and writers took 92 milliseconds
Script Module: kcp2k.dll
Weave behaviours and messages took10 milliseconds
Find all reader and writers took 93 milliseconds
Script Module: Unity.ProBuilder.Stl.dll
Weave behaviours and messages took3 milliseconds
Find all reader and writers took 87 milliseconds
Script Module: Mirror.Examples.Cloud.Pong.dll
[Ball] NetworkBehaviourProcessor
[BallManager] NetworkBehaviourProcessor
[Player] NetworkBehaviourProcessor
Weave behaviours and messages took20 milliseconds
  ProcessSitesModule Mirror.Examples.Cloud.Pong.dll elapsed time:00:00:00.0009965
Find all reader and writers took 132 milliseconds
Script Module: UnityEditor.TestRunner.dll
Weave behaviours and messages took71 milliseconds
Find all reader and writers took 119 milliseconds
Script Module: UnityEditor.UI.dll
Weave behaviours and messages took19 milliseconds
Find all reader and writers took 130 milliseconds
Script Module: Unity.ProBuilder.AssetIdRemapUtility.dll
Weave behaviours and messages took6 milliseconds
Find all reader and writers took 95 milliseconds
Script Module: Mirror.CompilerSymbols.dll
Weave behaviours and messages took0 milliseconds
Mono: successfully reloaded assembly
- Completed reload, in  9.105 seconds
Platform modules already initialized, skipping
========================================================================
Worker process is ready to serve import requests
Launched and connected shader compiler UnityShaderCompiler.exe after 0.06 seconds
Refreshing native plugins compatible for Editor in 0.67 ms, found 0 plugins.
Preloading 0 native plugins for Editor in 0.00 ms.
Unloading 1725 Unused Serialized files (Serialized files now loaded: 0)
System memory in use before: 101.6 MB.
System memory in use after: 101.7 MB.

Unloading 76 unused Assets to reduce memory usage. Loaded Objects now: 2183.
Total: 4.289800 ms (FindLiveObjects: 0.351400 ms CreateObjectMapping: 0.168600 ms MarkObjects: 3.415500 ms  DeleteObjects: 0.351200 ms)

========================================================================
Received Import Request.
  path: Assets/Scripts/SpawnSpawner.cs
  artifactKey: Guid(f12edfa09994ca342b3d46d20de6e311) Importer(815301076,1909f56bfc062723c751e8b465ee728b)
Start importing Assets/Scripts/SpawnSpawner.cs using Guid(f12edfa09994ca342b3d46d20de6e311) Importer(815301076,1909f56bfc062723c751e8b465ee728b)  -> (artifact id: 'edaccaf36fb28a28b4e4e212a20412fe') in 0.093683 seconds
  Import took 0.106966 seconds .

========================================================================
Received Prepare
Refreshing native plugins compatible for Editor in 1.98 ms, found 0 plugins.
Preloading 0 native plugins for Editor in 0.00 ms.
Unloading 8 Unused Serialized files (Serialized files now loaded: 0)
System memory in use before: 66.9 MB.
System memory in use after: 67.0 MB.

Unloading 8 unused Assets to reduce memory usage. Loaded Objects now: 2183.
Total: 3.589100 ms (FindLiveObjects: 0.319300 ms CreateObjectMapping: 0.119700 ms MarkObjects: 3.026000 ms  DeleteObjects: 0.122500 ms)

========================================================================
Received Prepare
Refreshing native plugins compatible for Editor in 2.69 ms, found 0 plugins.
Preloading 0 native plugins for Editor in 0.00 ms.
Unloading 8 Unused Serialized files (Serialized files now loaded: 0)
System memory in use before: 66.9 MB.
System memory in use after: 67.0 MB.

Unloading 8 unused Assets to reduce memory usage. Loaded Objects now: 2183.
Total: 4.690000 ms (FindLiveObjects: 0.380100 ms CreateObjectMapping: 0.160300 ms MarkObjects: 4.023300 ms  DeleteObjects: 0.124700 ms)

========================================================================
Received Prepare
Registering precompiled user dll's ...
Registered in 0.003188 seconds.
Begin MonoManager ReloadAssembly
Native extension for WindowsStandalone target not found
Refreshing native plugins compatible for Editor in 0.43 ms, found 0 plugins.
Preloading 0 native plugins for Editor in 0.00 ms.
Invoked RoslynAnalysisRunner static constructor.
RoslynAnalysisRunner will not be running.
RoslynAnalysisRunner has terminated.
Mono: successfully reloaded assembly
- Completed reload, in  1.410 seconds
Platform modules already initialized, skipping
Refreshing native plugins compatible for Editor in 0.44 ms, found 0 plugins.
Preloading 0 native plugins for Editor in 0.00 ms.
Unloading 1696 Unused Serialized files (Serialized files now loaded: 0)
System memory in use before: 100.9 MB.
System memory in use after: 100.9 MB.

Unloading 72 unused Assets to reduce memory usage. Loaded Objects now: 2185.
Total: 3.235600 ms (FindLiveObjects: 0.204400 ms CreateObjectMapping: 0.085400 ms MarkObjects: 2.713300 ms  DeleteObjects: 0.230400 ms)

========================================================================
Received Import Request.
  Time since last request: 215.990836 seconds.
  path: Assets/Scripts/SpawnerManager.cs
  artifactKey: Guid(65bdffbbe48d17b47a5ace30035cbd9f) Importer(815301076,1909f56bfc062723c751e8b465ee728b)
Start importing Assets/Scripts/SpawnerManager.cs using Guid(65bdffbbe48d17b47a5ace30035cbd9f) Importer(815301076,1909f56bfc062723c751e8b465ee728b)  -> (artifact id: '0eccfcda600e960ee03229dd3fddaf6c') in 0.010500 seconds
  Import took 0.032963 seconds .

========================================================================
Received Import Request.
  Time since last request: 0.006037 seconds.
  path: Assets/Scripts/SpawnerManager.cs
  artifactKey: Guid(65bdffbbe48d17b47a5ace30035cbd9f) Importer(815301076,1909f56bfc062723c751e8b465ee728b)
Start importing Assets/Scripts/SpawnerManager.cs using Guid(65bdffbbe48d17b47a5ace30035cbd9f) Importer(815301076,1909f56bfc062723c751e8b465ee728b)  -> (artifact id: '0eccfcda600e960ee03229dd3fddaf6c') in 0.003678 seconds
  Import took 0.007571 seconds .

========================================================================
Received Import Request.
  Time since last request: 0.531131 seconds.
  path: Assets/Scripts/SpawnerBehaviour.cs
  artifactKey: Guid(74e6e4dce4cf12b4b8d152b5625ef52e) Importer(815301076,1909f56bfc062723c751e8b465ee728b)
Start importing Assets/Scripts/SpawnerBehaviour.cs using Guid(74e6e4dce4cf12b4b8d152b5625ef52e) Importer(815301076,1909f56bfc062723c751e8b465ee728b)  -> (artifact id: 'e58ddbd011c1d6376c88bdf92ec334ac') in 0.171664 seconds
  Import took 0.195423 seconds .

========================================================================
Received Prepare
Registering precompiled user dll's ...
Registered in 0.002614 seconds.
Begin MonoManager ReloadAssembly
Native extension for WindowsStandalone target not found
Refreshing native plugins compatible for Editor in 0.47 ms, found 0 plugins.
Preloading 0 native plugins for Editor in 0.00 ms.
Invoked RoslynAnalysisRunner static constructor.
RoslynAnalysisRunner will not be running.
RoslynAnalysisRunner has terminated.
Mono: successfully reloaded assembly
- Completed reload, in  1.035 seconds
Platform modules already initialized, skipping
Refreshing native plugins compatible for Editor in 0.36 ms, found 0 plugins.
Preloading 0 native plugins for Editor in 0.00 ms.
Unloading 1696 Unused Serialized files (Serialized files now loaded: 0)
System memory in use before: 100.9 MB.
System memory in use after: 101.0 MB.

Unloading 72 unused Assets to reduce memory usage. Loaded Objects now: 2187.
Total: 2.675200 ms (FindLiveObjects: 0.200900 ms CreateObjectMapping: 0.055500 ms MarkObjects: 2.172300 ms  DeleteObjects: 0.245500 ms)

========================================================================
Received Import Request.
  Time since last request: 33.352939 seconds.
  path: Assets/Scripts/SpawnerBehaviour.cs
  artifactKey: Guid(74e6e4dce4cf12b4b8d152b5625ef52e) Importer(815301076,1909f56bfc062723c751e8b465ee728b)
Start importing Assets/Scripts/SpawnerBehaviour.cs using Guid(74e6e4dce4cf12b4b8d152b5625ef52e) Importer(815301076,1909f56bfc062723c751e8b465ee728b)  -> (artifact id: 'ed75bcddfb2732fd3932c263ae303522') in 0.005513 seconds
  Import took 0.008886 seconds .

========================================================================
Received Prepare
Refreshing native plugins compatible for Editor in 2.07 ms, found 0 plugins.
Preloading 0 native plugins for Editor in 0.00 ms.
Unloading 8 Unused Serialized files (Serialized files now loaded: 0)
System memory in use before: 67.1 MB.
System memory in use after: 67.2 MB.

Unloading 8 unused Assets to reduce memory usage. Loaded Objects now: 2187.
Total: 2.519300 ms (FindLiveObjects: 0.386100 ms CreateObjectMapping: 0.079500 ms MarkObjects: 1.890900 ms  DeleteObjects: 0.161400 ms)

========================================================================
Received Prepare
Registering precompiled user dll's ...
Registered in 0.004497 seconds.
Begin MonoManager ReloadAssembly
Native extension for WindowsStandalone target not found
Refreshing native plugins compatible for Editor in 0.67 ms, found 0 plugins.
Preloading 0 native plugins for Editor in 0.00 ms.
Invoked RoslynAnalysisRunner static constructor.
RoslynAnalysisRunner will not be running.
RoslynAnalysisRunner has terminated.
Mono: successfully reloaded assembly
- Completed reload, in  1.448 seconds
Platform modules already initialized, skipping
Refreshing native plugins compatible for Editor in 0.70 ms, found 0 plugins.
Preloading 0 native plugins for Editor in 0.00 ms.
Unloading 1696 Unused Serialized files (Serialized files now loaded: 0)
System memory in use before: 100.9 MB.
System memory in use after: 101.0 MB.

Unloading 72 unused Assets to reduce memory usage. Loaded Objects now: 2189.
Total: 4.403800 ms (FindLiveObjects: 0.236400 ms CreateObjectMapping: 0.120200 ms MarkObjects: 3.721000 ms  DeleteObjects: 0.324300 ms)

========================================================================
Received Prepare
Registering precompiled user dll's ...
Registered in 0.002449 seconds.
Begin MonoManager ReloadAssembly
Native extension for WindowsStandalone target not found
Refreshing native plugins compatible for Editor in 0.39 ms, found 0 plugins.
Preloading 0 native plugins for Editor in 0.00 ms.
Invoked RoslynAnalysisRunner static constructor.
RoslynAnalysisRunner will not be running.
RoslynAnalysisRunner has terminated.
Mono: successfully reloaded assembly
- Completed reload, in  0.985 seconds
Platform modules already initialized, skipping
Refreshing native plugins compatible for Editor in 0.36 ms, found 0 plugins.
Preloading 0 native plugins for Editor in 0.00 ms.
Unloading 1696 Unused Serialized files (Serialized files now loaded: 0)
System memory in use before: 101.0 MB.
System memory in use after: 101.0 MB.

Unloading 72 unused Assets to reduce memory usage. Loaded Objects now: 2191.
Total: 2.787100 ms (FindLiveObjects: 0.260800 ms CreateObjectMapping: 0.091700 ms MarkObjects: 2.188800 ms  DeleteObjects: 0.244800 ms)

========================================================================
Received Prepare
Registering precompiled user dll's ...
Registered in 0.002864 seconds.
Begin MonoManager ReloadAssembly
Native extension for WindowsStandalone target not found
Refreshing native plugins compatible for Editor in 0.36 ms, found 0 plugins.
Preloading 0 native plugins for Editor in 0.00 ms.
Invoked RoslynAnalysisRunner static constructor.
RoslynAnalysisRunner will not be running.
RoslynAnalysisRunner has terminated.
Mono: successfully reloaded assembly
- Completed reload, in  1.099 seconds
Platform modules already initialized, skipping
Refreshing native plugins compatible for Editor in 0.37 ms, found 0 plugins.
Preloading 0 native plugins for Editor in 0.00 ms.
Unloading 1696 Unused Serialized files (Serialized files now loaded: 0)
System memory in use before: 101.0 MB.
System memory in use after: 101.0 MB.

Unloading 72 unused Assets to reduce memory usage. Loaded Objects now: 2193.
Total: 2.588300 ms (FindLiveObjects: 0.196000 ms CreateObjectMapping: 0.059000 ms MarkObjects: 2.098800 ms  DeleteObjects: 0.233600 ms)

========================================================================
Received Prepare
Registering precompiled user dll's ...
Registered in 0.002719 seconds.
Begin MonoManager ReloadAssembly
Native extension for WindowsStandalone target not found
Refreshing native plugins compatible for Editor in 0.44 ms, found 0 plugins.
Preloading 0 native plugins for Editor in 0.00 ms.
Invoked RoslynAnalysisRunner static constructor.
RoslynAnalysisRunner will not be running.
RoslynAnalysisRunner has terminated.
Mono: successfully reloaded assembly
- Completed reload, in  1.039 seconds
Platform modules already initialized, skipping
Refreshing native plugins compatible for Editor in 0.64 ms, found 0 plugins.
Preloading 0 native plugins for Editor in 0.00 ms.
Unloading 1696 Unused Serialized files (Serialized files now loaded: 0)
System memory in use before: 101.0 MB.
System memory in use after: 101.0 MB.

Unloading 72 unused Assets to reduce memory usage. Loaded Objects now: 2195.
Total: 2.362800 ms (FindLiveObjects: 0.220300 ms CreateObjectMapping: 0.061400 ms MarkObjects: 1.852500 ms  DeleteObjects: 0.227400 ms)

========================================================================
Received Prepare
Registering precompiled user dll's ...
Registered in 0.004161 seconds.
Begin MonoManager ReloadAssembly
Native extension for WindowsStandalone target not found
Refreshing native plugins compatible for Editor in 0.71 ms, found 0 plugins.
Preloading 0 native plugins for Editor in 0.00 ms.
Invoked RoslynAnalysisRunner static constructor.
RoslynAnalysisRunner will not be running.
RoslynAnalysisRunner has terminated.
Mono: successfully reloaded assembly
- Completed reload, in  2.140 seconds
Platform modules already initialized, skipping
Refreshing native plugins compatible for Editor in 0.77 ms, found 0 plugins.
Preloading 0 native plugins for Editor in 0.00 ms.
Unloading 1696 Unused Serialized files (Serialized files now loaded: 0)
System memory in use before: 101.0 MB.
System memory in use after: 101.0 MB.

Unloading 72 unused Assets to reduce memory usage. Loaded Objects now: 2197.
Total: 3.766900 ms (FindLiveObjects: 0.232100 ms CreateObjectMapping: 0.110700 ms MarkObjects: 3.185100 ms  DeleteObjects: 0.237300 ms)

========================================================================
Received Prepare
Refreshing native plugins compatible for Editor in 1.98 ms, found 0 plugins.
Preloading 0 native plugins for Editor in 0.00 ms.
Unloading 8 Unused Serialized files (Serialized files now loaded: 0)
System memory in use before: 67.3 MB.
System memory in use after: 67.3 MB.

Unloading 8 unused Assets to reduce memory usage. Loaded Objects now: 2197.
Total: 2.913300 ms (FindLiveObjects: 0.336600 ms CreateObjectMapping: 0.125000 ms MarkObjects: 2.304000 ms  DeleteObjects: 0.146700 ms)

========================================================================
Received Prepare
Registering precompiled user dll's ...
Registered in 0.002839 seconds.
Begin MonoManager ReloadAssembly
Native extension for WindowsStandalone target not found
Refreshing native plugins compatible for Editor in 0.42 ms, found 0 plugins.
Preloading 0 native plugins for Editor in 0.00 ms.
Invoked RoslynAnalysisRunner static constructor.
RoslynAnalysisRunner will not be running.
RoslynAnalysisRunner has terminated.
Mono: successfully reloaded assembly
- Completed reload, in  1.405 seconds
Platform modules already initialized, skipping
Refreshing native plugins compatible for Editor in 0.43 ms, found 0 plugins.
Preloading 0 native plugins for Editor in 0.00 ms.
Unloading 1696 Unused Serialized files (Serialized files now loaded: 0)
System memory in use before: 101.1 MB.
System memory in use after: 101.2 MB.

Unloading 72 unused Assets to reduce memory usage. Loaded Objects now: 2199.
Total: 3.573400 ms (FindLiveObjects: 0.444100 ms CreateObjectMapping: 0.228700 ms MarkObjects: 2.670300 ms  DeleteObjects: 0.228300 ms)

========================================================================
Received Import Request.
  Time since last request: 400.534657 seconds.
  path: Assets/Mirror/Runtime/NetworkServer.cs
  artifactKey: Guid(a5f5ec068f5604c32b160bc49ee97b75) Importer(815301076,1909f56bfc062723c751e8b465ee728b)
Start importing Assets/Mirror/Runtime/NetworkServer.cs using Guid(a5f5ec068f5604c32b160bc49ee97b75) Importer(815301076,1909f56bfc062723c751e8b465ee728b)  -> (artifact id: '02db6bf1d0e67c27a0abca80f8e66685') in 0.011018 seconds
  Import took 0.014317 seconds .

========================================================================
Received Import Request.
  Time since last request: 0.010869 seconds.
  path: Assets/Mirror/Runtime/NetworkServer.cs
  artifactKey: Guid(a5f5ec068f5604c32b160bc49ee97b75) Importer(815301076,1909f56bfc062723c751e8b465ee728b)
Start importing Assets/Mirror/Runtime/NetworkServer.cs using Guid(a5f5ec068f5604c32b160bc49ee97b75) Importer(815301076,1909f56bfc062723c751e8b465ee728b)  -> (artifact id: '02db6bf1d0e67c27a0abca80f8e66685') in 0.003082 seconds
  Import took 0.006729 seconds .

========================================================================
Received Import Request.
  Time since last request: 365.604053 seconds.
  path: Assets/Scripts/SpawnerBehaviour.cs
  artifactKey: Guid(74e6e4dce4cf12b4b8d152b5625ef52e) Importer(815301076,1909f56bfc062723c751e8b465ee728b)
Start importing Assets/Scripts/SpawnerBehaviour.cs using Guid(74e6e4dce4cf12b4b8d152b5625ef52e) Importer(815301076,1909f56bfc062723c751e8b465ee728b)  -> (artifact id: 'cf228b471a4668a8a3563ed540f5dda2') in 0.003643 seconds
  Import took 0.008055 seconds .

========================================================================
Received Import Request.
  Time since last request: 2.653857 seconds.
  path: Assets/Scripts/UpdatePlayers.cs
  artifactKey: Guid(8e4c5e7f5bb3f664b917ebf44eba6ee1) Importer(815301076,1909f56bfc062723c751e8b465ee728b)
Start importing Assets/Scripts/UpdatePlayers.cs using Guid(8e4c5e7f5bb3f664b917ebf44eba6ee1) Importer(815301076,1909f56bfc062723c751e8b465ee728b)  -> (artifact id: 'f0415fc4434196d2adbb4ba54b27c127') in 0.029245 seconds
  Import took 0.055684 seconds .

========================================================================
Received Prepare
Registering precompiled user dll's ...
Registered in 0.002638 seconds.
Begin MonoManager ReloadAssembly
Native extension for WindowsStandalone target not found
Refreshing native plugins compatible for Editor in 0.39 ms, found 0 plugins.
Preloading 0 native plugins for Editor in 0.00 ms.
Invoked RoslynAnalysisRunner static constructor.
RoslynAnalysisRunner will not be running.
RoslynAnalysisRunner has terminated.
Mono: successfully reloaded assembly
- Completed reload, in  1.123 seconds
Platform modules already initialized, skipping
Refreshing native plugins compatible for Editor in 0.54 ms, found 0 plugins.
Preloading 0 native plugins for Editor in 0.00 ms.
Unloading 1696 Unused Serialized files (Serialized files now loaded: 0)
System memory in use before: 101.1 MB.
System memory in use after: 101.2 MB.

Unloading 72 unused Assets to reduce memory usage. Loaded Objects now: 2201.
Total: 3.708600 ms (FindLiveObjects: 0.308800 ms CreateObjectMapping: 0.109200 ms MarkObjects: 2.970800 ms  DeleteObjects: 0.317900 ms)

========================================================================
Received Prepare
Registering precompiled user dll's ...
Registered in 0.003047 seconds.
Begin MonoManager ReloadAssembly
Native extension for WindowsStandalone target not found
Refreshing native plugins compatible for Editor in 125.18 ms, found 0 plugins.
Preloading 0 native plugins for Editor in 0.00 ms.
Invoked RoslynAnalysisRunner static constructor.
RoslynAnalysisRunner will not be running.
RoslynAnalysisRunner has terminated.
Mono: successfully reloaded assembly
- Completed reload, in  2.202 seconds
Platform modules already initialized, skipping
Refreshing native plugins compatible for Editor in 0.61 ms, found 0 plugins.
Preloading 0 native plugins for Editor in 0.00 ms.
Unloading 1696 Unused Serialized files (Serialized files now loaded: 0)
System memory in use before: 101.1 MB.
System memory in use after: 101.2 MB.

Unloading 72 unused Assets to reduce memory usage. Loaded Objects now: 2203.
Total: 5.675200 ms (FindLiveObjects: 0.395200 ms CreateObjectMapping: 0.183900 ms MarkObjects: 4.786000 ms  DeleteObjects: 0.307700 ms)

========================================================================
Received Prepare
Refreshing native plugins compatible for Editor in 2.01 ms, found 0 plugins.
Preloading 0 native plugins for Editor in 0.00 ms.
Unloading 8 Unused Serialized files (Serialized files now loaded: 0)
System memory in use before: 67.3 MB.
System memory in use after: 67.4 MB.

Unloading 8 unused Assets to reduce memory usage. Loaded Objects now: 2203.
Total: 2.681200 ms (FindLiveObjects: 0.207100 ms CreateObjectMapping: 0.077100 ms MarkObjects: 2.271200 ms  DeleteObjects: 0.124400 ms)

========================================================================
Received Prepare
Registering precompiled user dll's ...
Registered in 0.004286 seconds.
Begin MonoManager ReloadAssembly
Native extension for WindowsStandalone target not found
Refreshing native plugins compatible for Editor in 0.62 ms, found 0 plugins.
Preloading 0 native plugins for Editor in 0.00 ms.
Invoked RoslynAnalysisRunner static constructor.
RoslynAnalysisRunner will not be running.
RoslynAnalysisRunner has terminated.
Mono: successfully reloaded assembly
- Completed reload, in  1.824 seconds
Platform modules already initialized, skipping
Refreshing native plugins compatible for Editor in 0.67 ms, found 0 plugins.
Preloading 0 native plugins for Editor in 0.00 ms.
Unloading 1696 Unused Serialized files (Serialized files now loaded: 0)
System memory in use before: 101.1 MB.
System memory in use after: 101.2 MB.

Unloading 72 unused Assets to reduce memory usage. Loaded Objects now: 2205.
Total: 5.156200 ms (FindLiveObjects: 0.596700 ms CreateObjectMapping: 0.312300 ms MarkObjects: 3.961300 ms  DeleteObjects: 0.283600 ms)

========================================================================
Received Prepare
Registering precompiled user dll's ...
Registered in 0.002375 seconds.
Begin MonoManager ReloadAssembly
Native extension for WindowsStandalone target not found
Refreshing native plugins compatible for Editor in 0.34 ms, found 0 plugins.
Preloading 0 native plugins for Editor in 0.00 ms.
Invoked RoslynAnalysisRunner static constructor.
RoslynAnalysisRunner will not be running.
RoslynAnalysisRunner has terminated.
Mono: successfully reloaded assembly
- Completed reload, in  0.979 seconds
Platform modules already initialized, skipping
Refreshing native plugins compatible for Editor in 0.35 ms, found 0 plugins.
Preloading 0 native plugins for Editor in 0.00 ms.
Unloading 1696 Unused Serialized files (Serialized files now loaded: 0)
System memory in use before: 101.1 MB.
System memory in use after: 101.2 MB.

Unloading 72 unused Assets to reduce memory usage. Loaded Objects now: 2207.
Total: 2.910500 ms (FindLiveObjects: 0.378600 ms CreateObjectMapping: 0.075700 ms MarkObjects: 2.206400 ms  DeleteObjects: 0.248300 ms)

========================================================================
Received Import Request.
  Time since last request: 380.300285 seconds.
  path: Assets/Scripts/CardBehaviour.cs
  artifactKey: Guid(ae988b20a1b903140819fcbb38c59f3a) Importer(815301076,1909f56bfc062723c751e8b465ee728b)
Start importing Assets/Scripts/CardBehaviour.cs using Guid(ae988b20a1b903140819fcbb38c59f3a) Importer(815301076,1909f56bfc062723c751e8b465ee728b)  -> (artifact id: 'db851d9b7eed66bcc13854d70e4294d0') in 0.010679 seconds
  Import took 0.015208 seconds .

========================================================================
Received Import Request.
  Time since last request: 0.035250 seconds.
  path: Assets/Scripts/CardBehaviour.cs
  artifactKey: Guid(ae988b20a1b903140819fcbb38c59f3a) Importer(815301076,1909f56bfc062723c751e8b465ee728b)
Start importing Assets/Scripts/CardBehaviour.cs using Guid(ae988b20a1b903140819fcbb38c59f3a) Importer(815301076,1909f56bfc062723c751e8b465ee728b)  -> (artifact id: 'db851d9b7eed66bcc13854d70e4294d0') in 0.003045 seconds
  Import took 0.006711 seconds .

========================================================================
Received Import Request.
  Time since last request: 546.921272 seconds.
  path: Assets/Scripts/CardBehaviour.cs
  artifactKey: Guid(ae988b20a1b903140819fcbb38c59f3a) Importer(815301076,1909f56bfc062723c751e8b465ee728b)
Start importing Assets/Scripts/CardBehaviour.cs using Guid(ae988b20a1b903140819fcbb38c59f3a) Importer(815301076,1909f56bfc062723c751e8b465ee728b)  -> (artifact id: 'c6ec5f248301cb14cb0fbf32f618f5b9') in 0.003328 seconds
  Import took 0.007882 seconds .

========================================================================
Received Prepare
Registering precompiled user dll's ...
Registered in 0.002870 seconds.
Begin MonoManager ReloadAssembly
Native extension for WindowsStandalone target not found
Refreshing native plugins compatible for Editor in 0.35 ms, found 0 plugins.
Preloading 0 native plugins for Editor in 0.00 ms.
Invoked RoslynAnalysisRunner static constructor.
RoslynAnalysisRunner will not be running.
RoslynAnalysisRunner has terminated.
Mono: successfully reloaded assembly
- Completed reload, in  1.028 seconds
Platform modules already initialized, skipping
Refreshing native plugins compatible for Editor in 0.37 ms, found 0 plugins.
Preloading 0 native plugins for Editor in 0.00 ms.
Unloading 1696 Unused Serialized files (Serialized files now loaded: 0)
System memory in use before: 101.1 MB.
System memory in use after: 101.2 MB.

Unloading 72 unused Assets to reduce memory usage. Loaded Objects now: 2209.
Total: 2.449600 ms (FindLiveObjects: 0.196300 ms CreateObjectMapping: 0.062900 ms MarkObjects: 1.986100 ms  DeleteObjects: 0.203400 ms)

========================================================================
Received Import Request.
  Time since last request: 20.811294 seconds.
  path: Assets/Scripts/CardBehaviour.cs
  artifactKey: Guid(ae988b20a1b903140819fcbb38c59f3a) Importer(815301076,1909f56bfc062723c751e8b465ee728b)
Start importing Assets/Scripts/CardBehaviour.cs using Guid(ae988b20a1b903140819fcbb38c59f3a) Importer(815301076,1909f56bfc062723c751e8b465ee728b)  -> (artifact id: 'b0ce4b39eca873a5e754804fb8bee166') in 0.005421 seconds
  Import took 0.025706 seconds .

========================================================================
Received Import Request.
  Time since last request: 0.064224 seconds.
  path: Assets/Scripts/CardBehaviour.cs
  artifactKey: Guid(ae988b20a1b903140819fcbb38c59f3a) Importer(815301076,1909f56bfc062723c751e8b465ee728b)
Start importing Assets/Scripts/CardBehaviour.cs using Guid(ae988b20a1b903140819fcbb38c59f3a) Importer(815301076,1909f56bfc062723c751e8b465ee728b)  -> (artifact id: 'b0ce4b39eca873a5e754804fb8bee166') in 0.002780 seconds
  Import took 0.006111 seconds .

========================================================================
Received Prepare
Registering precompiled user dll's ...
Registered in 0.002630 seconds.
Begin MonoManager ReloadAssembly
Native extension for WindowsStandalone target not found
Refreshing native plugins compatible for Editor in 0.49 ms, found 0 plugins.
Preloading 0 native plugins for Editor in 0.00 ms.
Invoked RoslynAnalysisRunner static constructor.
RoslynAnalysisRunner will not be running.
RoslynAnalysisRunner has terminated.
Mono: successfully reloaded assembly
- Completed reload, in  0.991 seconds
Platform modules already initialized, skipping
Refreshing native plugins compatible for Editor in 0.40 ms, found 0 plugins.
Preloading 0 native plugins for Editor in 0.01 ms.
Unloading 1696 Unused Serialized files (Serialized files now loaded: 0)
System memory in use before: 101.1 MB.
System memory in use after: 101.2 MB.

Unloading 72 unused Assets to reduce memory usage. Loaded Objects now: 2211.
Total: 2.940300 ms (FindLiveObjects: 0.321000 ms CreateObjectMapping: 0.173700 ms MarkObjects: 2.182200 ms  DeleteObjects: 0.261700 ms)

========================================================================
Received Prepare
Registering precompiled user dll's ...
Registered in 0.002531 seconds.
Begin MonoManager ReloadAssembly
Native extension for WindowsStandalone target not found
Refreshing native plugins compatible for Editor in 0.35 ms, found 0 plugins.
Preloading 0 native plugins for Editor in 0.00 ms.
Invoked RoslynAnalysisRunner static constructor.
RoslynAnalysisRunner will not be running.
RoslynAnalysisRunner has terminated.
Mono: successfully reloaded assembly
- Completed reload, in  1.023 seconds
Platform modules already initialized, skipping
Refreshing native plugins compatible for Editor in 0.34 ms, found 0 plugins.
Preloading 0 native plugins for Editor in 0.00 ms.
Unloading 1696 Unused Serialized files (Serialized files now loaded: 0)
System memory in use before: 101.1 MB.
System memory in use after: 101.2 MB.

Unloading 72 unused Assets to reduce memory usage. Loaded Objects now: 2213.
Total: 3.672100 ms (FindLiveObjects: 0.686500 ms CreateObjectMapping: 0.215300 ms MarkObjects: 2.519300 ms  DeleteObjects: 0.248400 ms)

========================================================================
Received Import Request.
  Time since last request: 47.781472 seconds.
  path: Assets/Prefabs/Card.prefab
  artifactKey: Guid(aa86369fd677d7e4b8e08d8ab86d26de) Importer(815301076,1909f56bfc062723c751e8b465ee728b)
Start importing Assets/Prefabs/Card.prefab using Guid(aa86369fd677d7e4b8e08d8ab86d26de) Importer(815301076,1909f56bfc062723c751e8b465ee728b)  -> (artifact id: 'd7fa331990cac007c826a7d27fa20c52') in 0.104707 seconds
  Import took 0.108324 seconds .

========================================================================
Received Import Request.
  Time since last request: 0.000344 seconds.
  path: Assets/Prefabs/Spawner.prefab
  artifactKey: Guid(09c242d823ffc924c8da6d1d7945fd13) Importer(815301076,1909f56bfc062723c751e8b465ee728b)
Start importing Assets/Prefabs/Spawner.prefab using Guid(09c242d823ffc924c8da6d1d7945fd13) Importer(815301076,1909f56bfc062723c751e8b465ee728b)  -> (artifact id: '49baf6271aa967327b40bf754820c3ef') in 0.052552 seconds
  Import took 0.056023 seconds .

========================================================================
Received Prepare
Registering precompiled user dll's ...
Registered in 0.002452 seconds.
Begin MonoManager ReloadAssembly
Native extension for WindowsStandalone target not found
Refreshing native plugins compatible for Editor in 0.37 ms, found 0 plugins.
Preloading 0 native plugins for Editor in 0.00 ms.
Invoked RoslynAnalysisRunner static constructor.
RoslynAnalysisRunner will not be running.
RoslynAnalysisRunner has terminated.
Mono: successfully reloaded assembly
- Completed reload, in  1.005 seconds
Platform modules already initialized, skipping
Refreshing native plugins compatible for Editor in 0.35 ms, found 0 plugins.
Preloading 0 native plugins for Editor in 0.00 ms.
Unloading 1696 Unused Serialized files (Serialized files now loaded: 0)
System memory in use before: 104.3 MB.
System memory in use after: 104.3 MB.

Unloading 73 unused Assets to reduce memory usage. Loaded Objects now: 2223.
Total: 2.719100 ms (FindLiveObjects: 0.233900 ms CreateObjectMapping: 0.069100 ms MarkObjects: 2.207300 ms  DeleteObjects: 0.207600 ms)

========================================================================
Received Prepare
Registering precompiled user dll's ...
Registered in 0.002715 seconds.
Begin MonoManager ReloadAssembly
Native extension for WindowsStandalone target not found
Refreshing native plugins compatible for Editor in 0.83 ms, found 0 plugins.
Preloading 0 native plugins for Editor in 0.00 ms.
Invoked RoslynAnalysisRunner static constructor.
RoslynAnalysisRunner will not be running.
RoslynAnalysisRunner has terminated.
Mono: successfully reloaded assembly
- Completed reload, in  2.010 seconds
Platform modules already initialized, skipping
Refreshing native plugins compatible for Editor in 0.67 ms, found 0 plugins.
Preloading 0 native plugins for Editor in 0.00 ms.
Unloading 1696 Unused Serialized files (Serialized files now loaded: 0)
System memory in use before: 104.3 MB.
System memory in use after: 104.3 MB.

Unloading 72 unused Assets to reduce memory usage. Loaded Objects now: 2225.
Total: 2.590900 ms (FindLiveObjects: 0.206700 ms CreateObjectMapping: 0.075800 ms MarkObjects: 2.084100 ms  DeleteObjects: 0.222300 ms)

========================================================================
Received Prepare
Refreshing native plugins compatible for Editor in 2.79 ms, found 0 plugins.
Preloading 0 native plugins for Editor in 0.00 ms.
Unloading 8 Unused Serialized files (Serialized files now loaded: 0)
System memory in use before: 70.4 MB.
System memory in use after: 70.5 MB.

Unloading 8 unused Assets to reduce memory usage. Loaded Objects now: 2225.
Total: 2.798700 ms (FindLiveObjects: 0.340400 ms CreateObjectMapping: 0.063600 ms MarkObjects: 2.235200 ms  DeleteObjects: 0.158300 ms)

========================================================================
Received Prepare
Registering precompiled user dll's ...
Registered in 0.003329 seconds.
Begin MonoManager ReloadAssembly
Native extension for WindowsStandalone target not found
Refreshing native plugins compatible for Editor in 0.44 ms, found 0 plugins.
Preloading 0 native plugins for Editor in 0.00 ms.
Invoked RoslynAnalysisRunner static constructor.
RoslynAnalysisRunner will not be running.
RoslynAnalysisRunner has terminated.
Mono: successfully reloaded assembly
- Completed reload, in  1.447 seconds
Platform modules already initialized, skipping
Refreshing native plugins compatible for Editor in 0.60 ms, found 0 plugins.
Preloading 0 native plugins for Editor in 0.00 ms.
Unloading 1696 Unused Serialized files (Serialized files now loaded: 0)
System memory in use before: 104.3 MB.
System memory in use after: 104.3 MB.

Unloading 72 unused Assets to reduce memory usage. Loaded Objects now: 2227.
Total: 3.615700 ms (FindLiveObjects: 0.360400 ms CreateObjectMapping: 0.138600 ms MarkObjects: 2.868000 ms  DeleteObjects: 0.247000 ms)

========================================================================
Received Prepare
Registering precompiled user dll's ...
Registered in 0.002431 seconds.
Begin MonoManager ReloadAssembly
Native extension for WindowsStandalone target not found
Refreshing native plugins compatible for Editor in 0.46 ms, found 0 plugins.
Preloading 0 native plugins for Editor in 0.00 ms.
Invoked RoslynAnalysisRunner static constructor.
RoslynAnalysisRunner will not be running.
RoslynAnalysisRunner has terminated.
Mono: successfully reloaded assembly
- Completed reload, in  1.048 seconds
Platform modules already initialized, skipping
Refreshing native plugins compatible for Editor in 0.36 ms, found 0 plugins.
Preloading 0 native plugins for Editor in 0.00 ms.
Unloading 1696 Unused Serialized files (Serialized files now loaded: 0)
System memory in use before: 104.3 MB.
System memory in use after: 104.3 MB.

Unloading 72 unused Assets to reduce memory usage. Loaded Objects now: 2229.
Total: 2.874500 ms (FindLiveObjects: 0.223300 ms CreateObjectMapping: 0.066100 ms MarkObjects: 2.360100 ms  DeleteObjects: 0.223600 ms)

========================================================================
Received Prepare
Registering precompiled user dll's ...
Registered in 0.002385 seconds.
Begin MonoManager ReloadAssembly
Native extension for WindowsStandalone target not found
Refreshing native plugins compatible for Editor in 0.36 ms, found 0 plugins.
Preloading 0 native plugins for Editor in 0.00 ms.
Invoked RoslynAnalysisRunner static constructor.
RoslynAnalysisRunner will not be running.
RoslynAnalysisRunner has terminated.
Mono: successfully reloaded assembly
- Completed reload, in  1.046 seconds
Platform modules already initialized, skipping
Refreshing native plugins compatible for Editor in 0.37 ms, found 0 plugins.
Preloading 0 native plugins for Editor in 0.00 ms.
Unloading 1696 Unused Serialized files (Serialized files now loaded: 0)
System memory in use before: 104.3 MB.
System memory in use after: 104.3 MB.

Unloading 72 unused Assets to reduce memory usage. Loaded Objects now: 2231.
Total: 2.782000 ms (FindLiveObjects: 0.405700 ms CreateObjectMapping: 0.168900 ms MarkObjects: 1.988500 ms  DeleteObjects: 0.216900 ms)

========================================================================
Received Prepare
Registering precompiled user dll's ...
Registered in 0.003298 seconds.
Begin MonoManager ReloadAssembly
Native extension for WindowsStandalone target not found
Refreshing native plugins compatible for Editor in 10.01 ms, found 0 plugins.
Preloading 0 native plugins for Editor in 0.00 ms.
Invoked RoslynAnalysisRunner static constructor.
RoslynAnalysisRunner will not be running.
RoslynAnalysisRunner has terminated.
Mono: successfully reloaded assembly
- Completed reload, in  2.035 seconds
Platform modules already initialized, skipping
Refreshing native plugins compatible for Editor in 0.64 ms, found 0 plugins.
Preloading 0 native plugins for Editor in 0.00 ms.
Unloading 1696 Unused Serialized files (Serialized files now loaded: 0)
System memory in use before: 104.3 MB.
System memory in use after: 104.3 MB.

Unloading 72 unused Assets to reduce memory usage. Loaded Objects now: 2233.
Total: 4.060300 ms (FindLiveObjects: 0.350300 ms CreateObjectMapping: 0.147500 ms MarkObjects: 3.240700 ms  DeleteObjects: 0.318400 ms)

========================================================================
Received Prepare
Refreshing native plugins compatible for Editor in 1.86 ms, found 0 plugins.
Preloading 0 native plugins for Editor in 0.00 ms.
Unloading 8 Unused Serialized files (Serialized files now loaded: 0)
System memory in use before: 70.5 MB.
System memory in use after: 70.5 MB.

Unloading 8 unused Assets to reduce memory usage. Loaded Objects now: 2233.
Total: 2.986500 ms (FindLiveObjects: 0.300800 ms CreateObjectMapping: 0.076200 ms MarkObjects: 2.485600 ms  DeleteObjects: 0.122300 ms)

========================================================================
Received Prepare
Registering precompiled user dll's ...
Registered in 0.003170 seconds.
Begin MonoManager ReloadAssembly
Native extension for WindowsStandalone target not found
Refreshing native plugins compatible for Editor in 0.44 ms, found 0 plugins.
Preloading 0 native plugins for Editor in 0.00 ms.
Invoked RoslynAnalysisRunner static constructor.
RoslynAnalysisRunner will not be running.
RoslynAnalysisRunner has terminated.
Mono: successfully reloaded assembly
- Completed reload, in  1.436 seconds
Platform modules already initialized, skipping
Refreshing native plugins compatible for Editor in 1.49 ms, found 0 plugins.
Preloading 0 native plugins for Editor in 0.00 ms.
Unloading 1696 Unused Serialized files (Serialized files now loaded: 0)
System memory in use before: 104.3 MB.
System memory in use after: 104.3 MB.

Unloading 72 unused Assets to reduce memory usage. Loaded Objects now: 2235.
Total: 3.104000 ms (FindLiveObjects: 0.268300 ms CreateObjectMapping: 0.082300 ms MarkObjects: 2.503000 ms  DeleteObjects: 0.244600 ms)

========================================================================
Received Prepare
Registering precompiled user dll's ...
Registered in 0.003070 seconds.
Begin MonoManager ReloadAssembly
Native extension for WindowsStandalone target not found
Refreshing native plugins compatible for Editor in 0.36 ms, found 0 plugins.
Preloading 0 native plugins for Editor in 0.00 ms.
Invoked RoslynAnalysisRunner static constructor.
RoslynAnalysisRunner will not be running.
RoslynAnalysisRunner has terminated.
Mono: successfully reloaded assembly
- Completed reload, in  0.988 seconds
Platform modules already initialized, skipping
Refreshing native plugins compatible for Editor in 0.42 ms, found 0 plugins.
Preloading 0 native plugins for Editor in 0.00 ms.
Unloading 1696 Unused Serialized files (Serialized files now loaded: 0)
System memory in use before: 104.3 MB.
System memory in use after: 104.4 MB.

Unloading 72 unused Assets to reduce memory usage. Loaded Objects now: 2237.
Total: 4.038900 ms (FindLiveObjects: 0.444900 ms CreateObjectMapping: 0.130900 ms MarkObjects: 3.235600 ms  DeleteObjects: 0.224800 ms)

========================================================================
Received Import Request.
  Time since last request: 1147.463190 seconds.
  path: Assets/Scripts/CardMovement.cs
  artifactKey: Guid(8bc1bb5c5d52d0d47b7de515733bbed3) Importer(815301076,1909f56bfc062723c751e8b465ee728b)
Start importing Assets/Scripts/CardMovement.cs using Guid(8bc1bb5c5d52d0d47b7de515733bbed3) Importer(815301076,1909f56bfc062723c751e8b465ee728b)  -> (artifact id: '765cf464b48a4102c89363f7bdec5857') in 0.024447 seconds
  Import took 0.028167 seconds .

========================================================================
Received Import Request.
  Time since last request: 0.017259 seconds.
  path: Assets/Scripts/CardMovement.cs
  artifactKey: Guid(8bc1bb5c5d52d0d47b7de515733bbed3) Importer(815301076,1909f56bfc062723c751e8b465ee728b)
Start importing Assets/Scripts/CardMovement.cs using Guid(8bc1bb5c5d52d0d47b7de515733bbed3) Importer(815301076,1909f56bfc062723c751e8b465ee728b)  -> (artifact id: '765cf464b48a4102c89363f7bdec5857') in 0.003300 seconds
  Import took 0.006730 seconds .

========================================================================
Received Prepare
Registering precompiled user dll's ...
Registered in 0.002495 seconds.
Begin MonoManager ReloadAssembly
Native extension for WindowsStandalone target not found
Refreshing native plugins compatible for Editor in 0.37 ms, found 0 plugins.
Preloading 0 native plugins for Editor in 0.00 ms.
Invoked RoslynAnalysisRunner static constructor.
RoslynAnalysisRunner will not be running.
RoslynAnalysisRunner has terminated.
Mono: successfully reloaded assembly
- Completed reload, in  2.318 seconds
Platform modules already initialized, skipping
Refreshing native plugins compatible for Editor in 0.53 ms, found 0 plugins.
Preloading 0 native plugins for Editor in 0.00 ms.
Unloading 1696 Unused Serialized files (Serialized files now loaded: 0)
System memory in use before: 104.3 MB.
System memory in use after: 104.4 MB.

Unloading 72 unused Assets to reduce memory usage. Loaded Objects now: 2239.
Total: 2.959500 ms (FindLiveObjects: 0.328600 ms CreateObjectMapping: 0.128500 ms MarkObjects: 2.235000 ms  DeleteObjects: 0.265300 ms)

========================================================================
Received Prepare
Refreshing native plugins compatible for Editor in 2.08 ms, found 0 plugins.
Preloading 0 native plugins for Editor in 0.00 ms.
Unloading 8 Unused Serialized files (Serialized files now loaded: 0)
System memory in use before: 70.5 MB.
System memory in use after: 70.5 MB.

Unloading 8 unused Assets to reduce memory usage. Loaded Objects now: 2239.
Total: 3.626700 ms (FindLiveObjects: 0.471900 ms CreateObjectMapping: 0.134300 ms MarkObjects: 2.892000 ms  DeleteObjects: 0.127300 ms)

========================================================================
Received Prepare
Registering precompiled user dll's ...
Registered in 0.002690 seconds.
Begin MonoManager ReloadAssembly
Native extension for WindowsStandalone target not found
Refreshing native plugins compatible for Editor in 0.41 ms, found 0 plugins.
Preloading 0 native plugins for Editor in 0.00 ms.
Invoked RoslynAnalysisRunner static constructor.
RoslynAnalysisRunner will not be running.
RoslynAnalysisRunner has terminated.
Mono: successfully reloaded assembly
- Completed reload, in  1.462 seconds
Platform modules already initialized, skipping
Refreshing native plugins compatible for Editor in 0.43 ms, found 0 plugins.
Preloading 0 native plugins for Editor in 0.00 ms.
Unloading 1696 Unused Serialized files (Serialized files now loaded: 0)
System memory in use before: 104.3 MB.
System memory in use after: 104.4 MB.

Unloading 72 unused Assets to reduce memory usage. Loaded Objects now: 2241.
Total: 3.464200 ms (FindLiveObjects: 0.297300 ms CreateObjectMapping: 0.125600 ms MarkObjects: 2.800400 ms  DeleteObjects: 0.239000 ms)

========================================================================
Received Prepare
Registering precompiled user dll's ...
Registered in 0.002444 seconds.
Begin MonoManager ReloadAssembly
Native extension for WindowsStandalone target not found
Refreshing native plugins compatible for Editor in 0.66 ms, found 0 plugins.
Preloading 0 native plugins for Editor in 0.00 ms.
Invoked RoslynAnalysisRunner static constructor.
RoslynAnalysisRunner will not be running.
RoslynAnalysisRunner has terminated.
Mono: successfully reloaded assembly
- Completed reload, in  1.052 seconds
Platform modules already initialized, skipping
Refreshing native plugins compatible for Editor in 0.37 ms, found 0 plugins.
Preloading 0 native plugins for Editor in 0.00 ms.
Unloading 1696 Unused Serialized files (Serialized files now loaded: 0)
System memory in use before: 104.3 MB.
System memory in use after: 104.4 MB.

Unloading 72 unused Assets to reduce memory usage. Loaded Objects now: 2243.
Total: 2.543500 ms (FindLiveObjects: 0.396700 ms CreateObjectMapping: 0.067200 ms MarkObjects: 1.873500 ms  DeleteObjects: 0.204700 ms)

========================================================================
Received Prepare
Registering precompiled user dll's ...
Registered in 0.003613 seconds.
Begin MonoManager ReloadAssembly
Native extension for WindowsStandalone target not found
Refreshing native plugins compatible for Editor in 0.44 ms, found 0 plugins.
Preloading 0 native plugins for Editor in 0.00 ms.
Invoked RoslynAnalysisRunner static constructor.
RoslynAnalysisRunner will not be running.
RoslynAnalysisRunner has terminated.
Mono: successfully reloaded assembly
- Completed reload, in  1.058 seconds
Platform modules already initialized, skipping
Refreshing native plugins compatible for Editor in 0.46 ms, found 0 plugins.
Preloading 0 native plugins for Editor in 0.00 ms.
Unloading 1696 Unused Serialized files (Serialized files now loaded: 0)
System memory in use before: 104.3 MB.
System memory in use after: 104.4 MB.

Unloading 72 unused Assets to reduce memory usage. Loaded Objects now: 2245.
Total: 2.735900 ms (FindLiveObjects: 0.209100 ms CreateObjectMapping: 0.084200 ms MarkObjects: 2.189800 ms  DeleteObjects: 0.251300 ms)

========================================================================
Received Prepare
Refreshing native plugins compatible for Editor in 2.50 ms, found 0 plugins.
Preloading 0 native plugins for Editor in 0.00 ms.
Unloading 8 Unused Serialized files (Serialized files now loaded: 0)
System memory in use before: 70.5 MB.
System memory in use after: 70.6 MB.

Unloading 8 unused Assets to reduce memory usage. Loaded Objects now: 2245.
Total: 2.865500 ms (FindLiveObjects: 0.260800 ms CreateObjectMapping: 0.059200 ms MarkObjects: 2.381500 ms  DeleteObjects: 0.162300 ms)

========================================================================
Received Prepare
Registering precompiled user dll's ...
Registered in 0.003077 seconds.
Begin MonoManager ReloadAssembly
Native extension for WindowsStandalone target not found
Refreshing native plugins compatible for Editor in 0.42 ms, found 0 plugins.
Preloading 0 native plugins for Editor in 0.00 ms.
Invoked RoslynAnalysisRunner static constructor.
RoslynAnalysisRunner will not be running.
RoslynAnalysisRunner has terminated.
Mono: successfully reloaded assembly
- Completed reload, in  1.495 seconds
Platform modules already initialized, skipping
Refreshing native plugins compatible for Editor in 0.54 ms, found 0 plugins.
Preloading 0 native plugins for Editor in 0.00 ms.
Unloading 1696 Unused Serialized files (Serialized files now loaded: 0)
System memory in use before: 104.3 MB.
System memory in use after: 104.4 MB.

Unloading 72 unused Assets to reduce memory usage. Loaded Objects now: 2247.
Total: 3.549500 ms (FindLiveObjects: 0.243400 ms CreateObjectMapping: 0.089300 ms MarkObjects: 2.821600 ms  DeleteObjects: 0.393300 ms)

========================================================================
Received Import Request.
  Time since last request: 935.918620 seconds.
  path: Assets/Prefabs/Player.prefab
  artifactKey: Guid(f218ad21e70a52f48b45dd5fe062aa9c) Importer(815301076,1909f56bfc062723c751e8b465ee728b)
Start importing Assets/Prefabs/Player.prefab using Guid(f218ad21e70a52f48b45dd5fe062aa9c) Importer(815301076,1909f56bfc062723c751e8b465ee728b)  -> (artifact id: '08b02d6c623b573be889aac7d02be270') in 0.108456 seconds
  Import took 0.113149 seconds .

AssetImportWorkerClient::OnTransportError - code=2 error=End of file
